D:\Bitcoin_Wallet\Various_AspNet_Projects\Grupo_Nectar_Application_Solution\Grupo_Nectar_Application\quickstart\src\app\app.component.js
D:\Bitcoin_Wallet\Various_AspNet_Projects\Grupo_Nectar_Application_Solution\Grupo_Nectar_Application\quickstart\src\app\app.component.js.map
D:\Bitcoin_Wallet\Various_AspNet_Projects\Grupo_Nectar_Application_Solution\Grupo_Nectar_Application\quickstart\src\app\Employee\EmployeeComponent.js
D:\Bitcoin_Wallet\Various_AspNet_Projects\Grupo_Nectar_Application_Solution\Grupo_Nectar_Application\quickstart\src\app\Employee\EmployeeComponent.js.map
D:\Bitcoin_Wallet\Various_AspNet_Projects\Grupo_Nectar_Application_Solution\Grupo_Nectar_Application\quickstart\src\app\Employee\IEmployee.js
D:\Bitcoin_Wallet\Various_AspNet_Projects\Grupo_Nectar_Application_Solution\Grupo_Nectar_Application\quickstart\src\app\Employee\IEmployee.js.map
D:\Bitcoin_Wallet\Various_AspNet_Projects\Grupo_Nectar_Application_Solution\Grupo_Nectar_Application\quickstart\src\app\Employee\EmployeeServiceComponent.js
D:\Bitcoin_Wallet\Various_AspNet_Projects\Grupo_Nectar_Application_Solution\Grupo_Nectar_Application\quickstart\src\app\Employee\EmployeeServiceComponent.js.map
D:\Bitcoin_Wallet\Various_AspNet_Projects\Grupo_Nectar_Application_Solution\Grupo_Nectar_Application\quickstart\src\app\Employee\EmployeesListComponent.js
D:\Bitcoin_Wallet\Various_AspNet_Projects\Grupo_Nectar_Application_Solution\Grupo_Nectar_Application\quickstart\src\app\Employee\EmployeesListComponent.js.map
D:\Bitcoin_Wallet\Various_AspNet_Projects\Grupo_Nectar_Application_Solution\Grupo_Nectar_Application\quickstart\src\app\Employee\EmployeeCountComponent.js
D:\Bitcoin_Wallet\Various_AspNet_Projects\Grupo_Nectar_Application_Solution\Grupo_Nectar_Application\quickstart\src\app\Employee\EmployeeCountComponent.js.map
D:\Bitcoin_Wallet\Various_AspNet_Projects\Grupo_Nectar_Application_Solution\Grupo_Nectar_Application\quickstart\src\app\Others\SimpleComponent.js
D:\Bitcoin_Wallet\Various_AspNet_Projects\Grupo_Nectar_Application_Solution\Grupo_Nectar_Application\quickstart\src\app\Others\SimpleComponent.js.map
D:\Bitcoin_Wallet\Various_AspNet_Projects\Grupo_Nectar_Application_Solution\Grupo_Nectar_Application\quickstart\src\app\app.module.js
D:\Bitcoin_Wallet\Various_AspNet_Projects\Grupo_Nectar_Application_Solution\Grupo_Nectar_Application\quickstart\src\app\app.module.js.map
D:\Bitcoin_Wallet\Various_AspNet_Projects\Grupo_Nectar_Application_Solution\Grupo_Nectar_Application\quickstart\src\main.js
D:\Bitcoin_Wallet\Various_AspNet_Projects\Grupo_Nectar_Application_Solution\Grupo_Nectar_Application\quickstart\src\main.js.map
D:\Bitcoin_Wallet\Various_AspNet_Projects\Grupo_Nectar_Application_Solution\Grupo_Nectar_Application\quickstart\src\app\app.component.spec.js
D:\Bitcoin_Wallet\Various_AspNet_Projects\Grupo_Nectar_Application_Solution\Grupo_Nectar_Application\quickstart\src\app\app.component.spec.js.map
D:\Bitcoin_Wallet\Various_AspNet_Projects\Grupo_Nectar_Application_Solution\Grupo_Nectar_Application\quickstart\src\app\Others\Employee\EmployeeComponent.js
D:\Bitcoin_Wallet\Various_AspNet_Projects\Grupo_Nectar_Application_Solution\Grupo_Nectar_Application\quickstart\src\app\Others\Employee\EmployeeComponent.js.map
D:\Bitcoin_Wallet\Various_AspNet_Projects\Grupo_Nectar_Application_Solution\Grupo_Nectar_Application\quickstart\src\app\Others\Employee\EmployeeCountComponent.js
D:\Bitcoin_Wallet\Various_AspNet_Projects\Grupo_Nectar_Application_Solution\Grupo_Nectar_Application\quickstart\src\app\Others\Employee\EmployeeCountComponent.js.map
D:\Bitcoin_Wallet\Various_AspNet_Projects\Grupo_Nectar_Application_Solution\Grupo_Nectar_Application\quickstart\src\app\Others\Employee\IEmployee.js
D:\Bitcoin_Wallet\Various_AspNet_Projects\Grupo_Nectar_Application_Solution\Grupo_Nectar_Application\quickstart\src\app\Others\Employee\IEmployee.js.map
D:\Bitcoin_Wallet\Various_AspNet_Projects\Grupo_Nectar_Application_Solution\Grupo_Nectar_Application\quickstart\src\app\Others\Employee\EmployeeServiceComponent.js
D:\Bitcoin_Wallet\Various_AspNet_Projects\Grupo_Nectar_Application_Solution\Grupo_Nectar_Application\quickstart\src\app\Others\Employee\EmployeeServiceComponent.js.map
D:\Bitcoin_Wallet\Various_AspNet_Projects\Grupo_Nectar_Application_Solution\Grupo_Nectar_Application\quickstart\src\app\Others\Employee\EmployeesListComponent.js
D:\Bitcoin_Wallet\Various_AspNet_Projects\Grupo_Nectar_Application_Solution\Grupo_Nectar_Application\quickstart\src\app\Others\Employee\EmployeesListComponent.js.map
D:\Bitcoin_Wallet\Various_AspNet_Projects\Grupo_Nectar_Application_Solution\Grupo_Nectar_Application\quickstart\src\app\app.component.js
D:\Bitcoin_Wallet\Various_AspNet_Projects\Grupo_Nectar_Application_Solution\Grupo_Nectar_Application\quickstart\src\app\app.component.js.map
D:\Bitcoin_Wallet\Various_AspNet_Projects\Grupo_Nectar_Application_Solution\Grupo_Nectar_Application\quickstart\src\app\Employee\EmployeeComponent.js
D:\Bitcoin_Wallet\Various_AspNet_Projects\Grupo_Nectar_Application_Solution\Grupo_Nectar_Application\quickstart\src\app\Employee\EmployeeComponent.js.map
D:\Bitcoin_Wallet\Various_AspNet_Projects\Grupo_Nectar_Application_Solution\Grupo_Nectar_Application\quickstart\src\app\Employee\IEmployee.js
D:\Bitcoin_Wallet\Various_AspNet_Projects\Grupo_Nectar_Application_Solution\Grupo_Nectar_Application\quickstart\src\app\Employee\IEmployee.js.map
D:\Bitcoin_Wallet\Various_AspNet_Projects\Grupo_Nectar_Application_Solution\Grupo_Nectar_Application\quickstart\src\app\Employee\EmployeeServiceComponent.js
D:\Bitcoin_Wallet\Various_AspNet_Projects\Grupo_Nectar_Application_Solution\Grupo_Nectar_Application\quickstart\src\app\Employee\EmployeeServiceComponent.js.map
D:\Bitcoin_Wallet\Various_AspNet_Projects\Grupo_Nectar_Application_Solution\Grupo_Nectar_Application\quickstart\src\app\Employee\EmployeesListComponent.js
D:\Bitcoin_Wallet\Various_AspNet_Projects\Grupo_Nectar_Application_Solution\Grupo_Nectar_Application\quickstart\src\app\Employee\EmployeesListComponent.js.map
D:\Bitcoin_Wallet\Various_AspNet_Projects\Grupo_Nectar_Application_Solution\Grupo_Nectar_Application\quickstart\src\app\Employee\EmployeeCountComponent.js
D:\Bitcoin_Wallet\Various_AspNet_Projects\Grupo_Nectar_Application_Solution\Grupo_Nectar_Application\quickstart\src\app\Employee\EmployeeCountComponent.js.map
D:\Bitcoin_Wallet\Various_AspNet_Projects\Grupo_Nectar_Application_Solution\Grupo_Nectar_Application\quickstart\src\app\Others\SimpleComponent.js
D:\Bitcoin_Wallet\Various_AspNet_Projects\Grupo_Nectar_Application_Solution\Grupo_Nectar_Application\quickstart\src\app\Others\SimpleComponent.js.map
D:\Bitcoin_Wallet\Various_AspNet_Projects\Grupo_Nectar_Application_Solution\Grupo_Nectar_Application\quickstart\src\app\app.module.js
D:\Bitcoin_Wallet\Various_AspNet_Projects\Grupo_Nectar_Application_Solution\Grupo_Nectar_Application\quickstart\src\app\app.module.js.map
D:\Bitcoin_Wallet\Various_AspNet_Projects\Grupo_Nectar_Application_Solution\Grupo_Nectar_Application\quickstart\src\main.js
D:\Bitcoin_Wallet\Various_AspNet_Projects\Grupo_Nectar_Application_Solution\Grupo_Nectar_Application\quickstart\src\main.js.map
D:\Bitcoin_Wallet\Various_AspNet_Projects\Grupo_Nectar_Application_Solution\Grupo_Nectar_Application\quickstart\src\app\app.component.spec.js
D:\Bitcoin_Wallet\Various_AspNet_Projects\Grupo_Nectar_Application_Solution\Grupo_Nectar_Application\quickstart\src\app\app.component.spec.js.map
D:\Bitcoin_Wallet\Various_AspNet_Projects\Grupo_Nectar_Application_Solution\Grupo_Nectar_Application\quickstart\src\app\Others\Employee\EmployeeComponent.js
D:\Bitcoin_Wallet\Various_AspNet_Projects\Grupo_Nectar_Application_Solution\Grupo_Nectar_Application\quickstart\src\app\Others\Employee\EmployeeComponent.js.map
D:\Bitcoin_Wallet\Various_AspNet_Projects\Grupo_Nectar_Application_Solution\Grupo_Nectar_Application\quickstart\src\app\Others\Employee\EmployeeCountComponent.js
D:\Bitcoin_Wallet\Various_AspNet_Projects\Grupo_Nectar_Application_Solution\Grupo_Nectar_Application\quickstart\src\app\Others\Employee\EmployeeCountComponent.js.map
D:\Bitcoin_Wallet\Various_AspNet_Projects\Grupo_Nectar_Application_Solution\Grupo_Nectar_Application\quickstart\src\app\Others\Employee\IEmployee.js
D:\Bitcoin_Wallet\Various_AspNet_Projects\Grupo_Nectar_Application_Solution\Grupo_Nectar_Application\quickstart\src\app\Others\Employee\IEmployee.js.map
D:\Bitcoin_Wallet\Various_AspNet_Projects\Grupo_Nectar_Application_Solution\Grupo_Nectar_Application\quickstart\src\app\Others\Employee\EmployeeServiceComponent.js
D:\Bitcoin_Wallet\Various_AspNet_Projects\Grupo_Nectar_Application_Solution\Grupo_Nectar_Application\quickstart\src\app\Others\Employee\EmployeeServiceComponent.js.map
D:\Bitcoin_Wallet\Various_AspNet_Projects\Grupo_Nectar_Application_Solution\Grupo_Nectar_Application\quickstart\src\app\Others\Employee\EmployeesListComponent.js
D:\Bitcoin_Wallet\Various_AspNet_Projects\Grupo_Nectar_Application_Solution\Grupo_Nectar_Application\quickstart\src\app\Others\Employee\EmployeesListComponent.js.map
D:\Bitcoin_Wallet\Various_AspNet_Projects\Grupo_Nectar_Application_Solution\Grupo_Nectar_Application\quickstart\src\app\app.component.js
D:\Bitcoin_Wallet\Various_AspNet_Projects\Grupo_Nectar_Application_Solution\Grupo_Nectar_Application\quickstart\src\app\app.component.js.map
D:\Bitcoin_Wallet\Various_AspNet_Projects\Grupo_Nectar_Application_Solution\Grupo_Nectar_Application\quickstart\src\app\Employee\IEmployee.js
D:\Bitcoin_Wallet\Various_AspNet_Projects\Grupo_Nectar_Application_Solution\Grupo_Nectar_Application\quickstart\src\app\Employee\IEmployee.js.map
D:\Bitcoin_Wallet\Various_AspNet_Projects\Grupo_Nectar_Application_Solution\Grupo_Nectar_Application\quickstart\src\app\Employee\EmployeeServiceComponent.js
D:\Bitcoin_Wallet\Various_AspNet_Projects\Grupo_Nectar_Application_Solution\Grupo_Nectar_Application\quickstart\src\app\Employee\EmployeeServiceComponent.js.map
D:\Bitcoin_Wallet\Various_AspNet_Projects\Grupo_Nectar_Application_Solution\Grupo_Nectar_Application\quickstart\src\app\Employee\EmployeesListComponent.js
D:\Bitcoin_Wallet\Various_AspNet_Projects\Grupo_Nectar_Application_Solution\Grupo_Nectar_Application\quickstart\src\app\Employee\EmployeesListComponent.js.map
D:\Bitcoin_Wallet\Various_AspNet_Projects\Grupo_Nectar_Application_Solution\Grupo_Nectar_Application\quickstart\src\app\Employee\EmployeeCountComponent.js
D:\Bitcoin_Wallet\Various_AspNet_Projects\Grupo_Nectar_Application_Solution\Grupo_Nectar_Application\quickstart\src\app\Employee\EmployeeCountComponent.js.map
D:\Bitcoin_Wallet\Various_AspNet_Projects\Grupo_Nectar_Application_Solution\Grupo_Nectar_Application\quickstart\src\app\Others\SimpleComponent.js
D:\Bitcoin_Wallet\Various_AspNet_Projects\Grupo_Nectar_Application_Solution\Grupo_Nectar_Application\quickstart\src\app\Others\SimpleComponent.js.map
D:\Bitcoin_Wallet\Various_AspNet_Projects\Grupo_Nectar_Application_Solution\Grupo_Nectar_Application\quickstart\src\app\app.module.js
D:\Bitcoin_Wallet\Various_AspNet_Projects\Grupo_Nectar_Application_Solution\Grupo_Nectar_Application\quickstart\src\app\app.module.js.map
D:\Bitcoin_Wallet\Various_AspNet_Projects\Grupo_Nectar_Application_Solution\Grupo_Nectar_Application\quickstart\src\main.js
D:\Bitcoin_Wallet\Various_AspNet_Projects\Grupo_Nectar_Application_Solution\Grupo_Nectar_Application\quickstart\src\main.js.map
D:\Bitcoin_Wallet\Various_AspNet_Projects\Grupo_Nectar_Application_Solution\Grupo_Nectar_Application\quickstart\src\app\app.component.spec.js
D:\Bitcoin_Wallet\Various_AspNet_Projects\Grupo_Nectar_Application_Solution\Grupo_Nectar_Application\quickstart\src\app\app.component.spec.js.map
D:\Bitcoin_Wallet\Various_AspNet_Projects\Grupo_Nectar_Application_Solution\Grupo_Nectar_Application\quickstart\src\app\Others\Employee\EmployeeComponent.js
D:\Bitcoin_Wallet\Various_AspNet_Projects\Grupo_Nectar_Application_Solution\Grupo_Nectar_Application\quickstart\src\app\Others\Employee\EmployeeComponent.js.map
D:\Bitcoin_Wallet\Various_AspNet_Projects\Grupo_Nectar_Application_Solution\Grupo_Nectar_Application\quickstart\src\app\Others\Employee\EmployeeCountComponent.js
D:\Bitcoin_Wallet\Various_AspNet_Projects\Grupo_Nectar_Application_Solution\Grupo_Nectar_Application\quickstart\src\app\Others\Employee\EmployeeCountComponent.js.map
D:\Bitcoin_Wallet\Various_AspNet_Projects\Grupo_Nectar_Application_Solution\Grupo_Nectar_Application\quickstart\src\app\Others\Employee\IEmployee.js
D:\Bitcoin_Wallet\Various_AspNet_Projects\Grupo_Nectar_Application_Solution\Grupo_Nectar_Application\quickstart\src\app\Others\Employee\IEmployee.js.map
D:\Bitcoin_Wallet\Various_AspNet_Projects\Grupo_Nectar_Application_Solution\Grupo_Nectar_Application\quickstart\src\app\Others\Employee\EmployeeServiceComponent.js
D:\Bitcoin_Wallet\Various_AspNet_Projects\Grupo_Nectar_Application_Solution\Grupo_Nectar_Application\quickstart\src\app\Others\Employee\EmployeeServiceComponent.js.map
D:\Bitcoin_Wallet\Various_AspNet_Projects\Grupo_Nectar_Application_Solution\Grupo_Nectar_Application\quickstart\src\app\Others\Employee\EmployeesListComponent.js
D:\Bitcoin_Wallet\Various_AspNet_Projects\Grupo_Nectar_Application_Solution\Grupo_Nectar_Application\quickstart\src\app\Others\Employee\EmployeesListComponent.js.map
D:\Bitcoin_Wallet\Various_AspNet_Projects\Grupo_Nectar_Application_Solution\Grupo_Nectar_Application\quickstart\src\app\app.component.js
D:\Bitcoin_Wallet\Various_AspNet_Projects\Grupo_Nectar_Application_Solution\Grupo_Nectar_Application\quickstart\src\app\app.component.js.map
D:\Bitcoin_Wallet\Various_AspNet_Projects\Grupo_Nectar_Application_Solution\Grupo_Nectar_Application\quickstart\src\app\Employee\IEmployee.js
D:\Bitcoin_Wallet\Various_AspNet_Projects\Grupo_Nectar_Application_Solution\Grupo_Nectar_Application\quickstart\src\app\Employee\IEmployee.js.map
D:\Bitcoin_Wallet\Various_AspNet_Projects\Grupo_Nectar_Application_Solution\Grupo_Nectar_Application\quickstart\src\app\Employee\EmployeeServiceComponent.js
D:\Bitcoin_Wallet\Various_AspNet_Projects\Grupo_Nectar_Application_Solution\Grupo_Nectar_Application\quickstart\src\app\Employee\EmployeeServiceComponent.js.map
D:\Bitcoin_Wallet\Various_AspNet_Projects\Grupo_Nectar_Application_Solution\Grupo_Nectar_Application\quickstart\src\app\Employee\EmployeesListComponent.js
D:\Bitcoin_Wallet\Various_AspNet_Projects\Grupo_Nectar_Application_Solution\Grupo_Nectar_Application\quickstart\src\app\Employee\EmployeesListComponent.js.map
D:\Bitcoin_Wallet\Various_AspNet_Projects\Grupo_Nectar_Application_Solution\Grupo_Nectar_Application\quickstart\src\app\Employee\EmployeeCountComponent.js
D:\Bitcoin_Wallet\Various_AspNet_Projects\Grupo_Nectar_Application_Solution\Grupo_Nectar_Application\quickstart\src\app\Employee\EmployeeCountComponent.js.map
D:\Bitcoin_Wallet\Various_AspNet_Projects\Grupo_Nectar_Application_Solution\Grupo_Nectar_Application\quickstart\src\app\Others\SimpleComponent.js
D:\Bitcoin_Wallet\Various_AspNet_Projects\Grupo_Nectar_Application_Solution\Grupo_Nectar_Application\quickstart\src\app\Others\SimpleComponent.js.map
D:\Bitcoin_Wallet\Various_AspNet_Projects\Grupo_Nectar_Application_Solution\Grupo_Nectar_Application\quickstart\src\app\app.module.js
D:\Bitcoin_Wallet\Various_AspNet_Projects\Grupo_Nectar_Application_Solution\Grupo_Nectar_Application\quickstart\src\app\app.module.js.map
D:\Bitcoin_Wallet\Various_AspNet_Projects\Grupo_Nectar_Application_Solution\Grupo_Nectar_Application\quickstart\src\main.js
D:\Bitcoin_Wallet\Various_AspNet_Projects\Grupo_Nectar_Application_Solution\Grupo_Nectar_Application\quickstart\src\main.js.map
D:\Bitcoin_Wallet\Various_AspNet_Projects\Grupo_Nectar_Application_Solution\Grupo_Nectar_Application\quickstart\src\app\app.component.spec.js
D:\Bitcoin_Wallet\Various_AspNet_Projects\Grupo_Nectar_Application_Solution\Grupo_Nectar_Application\quickstart\src\app\app.component.spec.js.map
D:\Bitcoin_Wallet\Various_AspNet_Projects\Grupo_Nectar_Application_Solution\Grupo_Nectar_Application\quickstart\src\app\Others\Employee\EmployeeComponent.js
D:\Bitcoin_Wallet\Various_AspNet_Projects\Grupo_Nectar_Application_Solution\Grupo_Nectar_Application\quickstart\src\app\Others\Employee\EmployeeComponent.js.map
D:\Bitcoin_Wallet\Various_AspNet_Projects\Grupo_Nectar_Application_Solution\Grupo_Nectar_Application\quickstart\src\app\Others\Employee\EmployeeCountComponent.js
D:\Bitcoin_Wallet\Various_AspNet_Projects\Grupo_Nectar_Application_Solution\Grupo_Nectar_Application\quickstart\src\app\Others\Employee\EmployeeCountComponent.js.map
D:\Bitcoin_Wallet\Various_AspNet_Projects\Grupo_Nectar_Application_Solution\Grupo_Nectar_Application\quickstart\src\app\Others\Employee\IEmployee.js
D:\Bitcoin_Wallet\Various_AspNet_Projects\Grupo_Nectar_Application_Solution\Grupo_Nectar_Application\quickstart\src\app\Others\Employee\IEmployee.js.map
D:\Bitcoin_Wallet\Various_AspNet_Projects\Grupo_Nectar_Application_Solution\Grupo_Nectar_Application\quickstart\src\app\Others\Employee\EmployeeServiceComponent.js
D:\Bitcoin_Wallet\Various_AspNet_Projects\Grupo_Nectar_Application_Solution\Grupo_Nectar_Application\quickstart\src\app\Others\Employee\EmployeeServiceComponent.js.map
D:\Bitcoin_Wallet\Various_AspNet_Projects\Grupo_Nectar_Application_Solution\Grupo_Nectar_Application\quickstart\src\app\Others\Employee\EmployeesListComponent.js
D:\Bitcoin_Wallet\Various_AspNet_Projects\Grupo_Nectar_Application_Solution\Grupo_Nectar_Application\quickstart\src\app\Others\Employee\EmployeesListComponent.js.map
D:\Bitcoin_Wallet\Various_AspNet_Projects\Grupo_Nectar_Application_Solution\Grupo_Nectar_Application\quickstart\src\app\app.component.js
D:\Bitcoin_Wallet\Various_AspNet_Projects\Grupo_Nectar_Application_Solution\Grupo_Nectar_Application\quickstart\src\app\app.component.js.map
D:\Bitcoin_Wallet\Various_AspNet_Projects\Grupo_Nectar_Application_Solution\Grupo_Nectar_Application\quickstart\src\app\Employee\IEmployee.js
D:\Bitcoin_Wallet\Various_AspNet_Projects\Grupo_Nectar_Application_Solution\Grupo_Nectar_Application\quickstart\src\app\Employee\IEmployee.js.map
D:\Bitcoin_Wallet\Various_AspNet_Projects\Grupo_Nectar_Application_Solution\Grupo_Nectar_Application\quickstart\src\app\Employee\EmployeeServiceComponent.js
D:\Bitcoin_Wallet\Various_AspNet_Projects\Grupo_Nectar_Application_Solution\Grupo_Nectar_Application\quickstart\src\app\Employee\EmployeeServiceComponent.js.map
D:\Bitcoin_Wallet\Various_AspNet_Projects\Grupo_Nectar_Application_Solution\Grupo_Nectar_Application\quickstart\src\app\Employee\EmployeesListComponent.js
D:\Bitcoin_Wallet\Various_AspNet_Projects\Grupo_Nectar_Application_Solution\Grupo_Nectar_Application\quickstart\src\app\Employee\EmployeesListComponent.js.map
D:\Bitcoin_Wallet\Various_AspNet_Projects\Grupo_Nectar_Application_Solution\Grupo_Nectar_Application\quickstart\src\app\Employee\EmployeeCountComponent.js
D:\Bitcoin_Wallet\Various_AspNet_Projects\Grupo_Nectar_Application_Solution\Grupo_Nectar_Application\quickstart\src\app\Employee\EmployeeCountComponent.js.map
D:\Bitcoin_Wallet\Various_AspNet_Projects\Grupo_Nectar_Application_Solution\Grupo_Nectar_Application\quickstart\src\app\Others\SimpleComponent.js
D:\Bitcoin_Wallet\Various_AspNet_Projects\Grupo_Nectar_Application_Solution\Grupo_Nectar_Application\quickstart\src\app\Others\SimpleComponent.js.map
D:\Bitcoin_Wallet\Various_AspNet_Projects\Grupo_Nectar_Application_Solution\Grupo_Nectar_Application\quickstart\src\app\app.module.js
D:\Bitcoin_Wallet\Various_AspNet_Projects\Grupo_Nectar_Application_Solution\Grupo_Nectar_Application\quickstart\src\app\app.module.js.map
D:\Bitcoin_Wallet\Various_AspNet_Projects\Grupo_Nectar_Application_Solution\Grupo_Nectar_Application\quickstart\src\main.js
D:\Bitcoin_Wallet\Various_AspNet_Projects\Grupo_Nectar_Application_Solution\Grupo_Nectar_Application\quickstart\src\main.js.map
D:\Bitcoin_Wallet\Various_AspNet_Projects\Grupo_Nectar_Application_Solution\Grupo_Nectar_Application\quickstart\src\app\app.component.spec.js
D:\Bitcoin_Wallet\Various_AspNet_Projects\Grupo_Nectar_Application_Solution\Grupo_Nectar_Application\quickstart\src\app\app.component.spec.js.map
D:\Bitcoin_Wallet\Various_AspNet_Projects\Grupo_Nectar_Application_Solution\Grupo_Nectar_Application\quickstart\src\app\Others\Employee\EmployeeComponent.js
D:\Bitcoin_Wallet\Various_AspNet_Projects\Grupo_Nectar_Application_Solution\Grupo_Nectar_Application\quickstart\src\app\Others\Employee\EmployeeComponent.js.map
D:\Bitcoin_Wallet\Various_AspNet_Projects\Grupo_Nectar_Application_Solution\Grupo_Nectar_Application\quickstart\src\app\Others\Employee\EmployeeCountComponent.js
D:\Bitcoin_Wallet\Various_AspNet_Projects\Grupo_Nectar_Application_Solution\Grupo_Nectar_Application\quickstart\src\app\Others\Employee\EmployeeCountComponent.js.map
D:\Bitcoin_Wallet\Various_AspNet_Projects\Grupo_Nectar_Application_Solution\Grupo_Nectar_Application\quickstart\src\app\Others\Employee\IEmployee.js
D:\Bitcoin_Wallet\Various_AspNet_Projects\Grupo_Nectar_Application_Solution\Grupo_Nectar_Application\quickstart\src\app\Others\Employee\IEmployee.js.map
D:\Bitcoin_Wallet\Various_AspNet_Projects\Grupo_Nectar_Application_Solution\Grupo_Nectar_Application\quickstart\src\app\Others\Employee\EmployeeServiceComponent.js
D:\Bitcoin_Wallet\Various_AspNet_Projects\Grupo_Nectar_Application_Solution\Grupo_Nectar_Application\quickstart\src\app\Others\Employee\EmployeeServiceComponent.js.map
D:\Bitcoin_Wallet\Various_AspNet_Projects\Grupo_Nectar_Application_Solution\Grupo_Nectar_Application\quickstart\src\app\Others\Employee\EmployeesListComponent.js
D:\Bitcoin_Wallet\Various_AspNet_Projects\Grupo_Nectar_Application_Solution\Grupo_Nectar_Application\quickstart\src\app\Others\Employee\EmployeesListComponent.js.map
D:\Bitcoin_Wallet\Various_AspNet_Projects\Grupo_Nectar_Application_Solution\Grupo_Nectar_Application\quickstart\src\app\app.component.js
D:\Bitcoin_Wallet\Various_AspNet_Projects\Grupo_Nectar_Application_Solution\Grupo_Nectar_Application\quickstart\src\app\app.component.js.map
D:\Bitcoin_Wallet\Various_AspNet_Projects\Grupo_Nectar_Application_Solution\Grupo_Nectar_Application\quickstart\src\app\Employee\IEmployee.js
D:\Bitcoin_Wallet\Various_AspNet_Projects\Grupo_Nectar_Application_Solution\Grupo_Nectar_Application\quickstart\src\app\Employee\IEmployee.js.map
D:\Bitcoin_Wallet\Various_AspNet_Projects\Grupo_Nectar_Application_Solution\Grupo_Nectar_Application\quickstart\src\app\Employee\EmployeeServiceComponent.js
D:\Bitcoin_Wallet\Various_AspNet_Projects\Grupo_Nectar_Application_Solution\Grupo_Nectar_Application\quickstart\src\app\Employee\EmployeeServiceComponent.js.map
D:\Bitcoin_Wallet\Various_AspNet_Projects\Grupo_Nectar_Application_Solution\Grupo_Nectar_Application\quickstart\src\app\Employee\EmployeesListComponent.js
D:\Bitcoin_Wallet\Various_AspNet_Projects\Grupo_Nectar_Application_Solution\Grupo_Nectar_Application\quickstart\src\app\Employee\EmployeesListComponent.js.map
D:\Bitcoin_Wallet\Various_AspNet_Projects\Grupo_Nectar_Application_Solution\Grupo_Nectar_Application\quickstart\src\app\Employee\EmployeeCountComponent.js
D:\Bitcoin_Wallet\Various_AspNet_Projects\Grupo_Nectar_Application_Solution\Grupo_Nectar_Application\quickstart\src\app\Employee\EmployeeCountComponent.js.map
D:\Bitcoin_Wallet\Various_AspNet_Projects\Grupo_Nectar_Application_Solution\Grupo_Nectar_Application\quickstart\src\app\Others\SimpleComponent.js
D:\Bitcoin_Wallet\Various_AspNet_Projects\Grupo_Nectar_Application_Solution\Grupo_Nectar_Application\quickstart\src\app\Others\SimpleComponent.js.map
D:\Bitcoin_Wallet\Various_AspNet_Projects\Grupo_Nectar_Application_Solution\Grupo_Nectar_Application\quickstart\src\app\app.module.js
D:\Bitcoin_Wallet\Various_AspNet_Projects\Grupo_Nectar_Application_Solution\Grupo_Nectar_Application\quickstart\src\app\app.module.js.map
D:\Bitcoin_Wallet\Various_AspNet_Projects\Grupo_Nectar_Application_Solution\Grupo_Nectar_Application\quickstart\src\main.js
D:\Bitcoin_Wallet\Various_AspNet_Projects\Grupo_Nectar_Application_Solution\Grupo_Nectar_Application\quickstart\src\main.js.map
D:\Bitcoin_Wallet\Various_AspNet_Projects\Grupo_Nectar_Application_Solution\Grupo_Nectar_Application\quickstart\src\app\app.component.spec.js
D:\Bitcoin_Wallet\Various_AspNet_Projects\Grupo_Nectar_Application_Solution\Grupo_Nectar_Application\quickstart\src\app\app.component.spec.js.map
D:\Bitcoin_Wallet\Various_AspNet_Projects\Grupo_Nectar_Application_Solution\Grupo_Nectar_Application\quickstart\src\app\Others\Employee\EmployeeComponent.js
D:\Bitcoin_Wallet\Various_AspNet_Projects\Grupo_Nectar_Application_Solution\Grupo_Nectar_Application\quickstart\src\app\Others\Employee\EmployeeComponent.js.map
D:\Bitcoin_Wallet\Various_AspNet_Projects\Grupo_Nectar_Application_Solution\Grupo_Nectar_Application\quickstart\src\app\Others\Employee\EmployeeCountComponent.js
D:\Bitcoin_Wallet\Various_AspNet_Projects\Grupo_Nectar_Application_Solution\Grupo_Nectar_Application\quickstart\src\app\Others\Employee\EmployeeCountComponent.js.map
D:\Bitcoin_Wallet\Various_AspNet_Projects\Grupo_Nectar_Application_Solution\Grupo_Nectar_Application\quickstart\src\app\Others\Employee\IEmployee.js
D:\Bitcoin_Wallet\Various_AspNet_Projects\Grupo_Nectar_Application_Solution\Grupo_Nectar_Application\quickstart\src\app\Others\Employee\IEmployee.js.map
D:\Bitcoin_Wallet\Various_AspNet_Projects\Grupo_Nectar_Application_Solution\Grupo_Nectar_Application\quickstart\src\app\Others\Employee\EmployeeServiceComponent.js
D:\Bitcoin_Wallet\Various_AspNet_Projects\Grupo_Nectar_Application_Solution\Grupo_Nectar_Application\quickstart\src\app\Others\Employee\EmployeeServiceComponent.js.map
D:\Bitcoin_Wallet\Various_AspNet_Projects\Grupo_Nectar_Application_Solution\Grupo_Nectar_Application\quickstart\src\app\Others\Employee\EmployeesListComponent.js
D:\Bitcoin_Wallet\Various_AspNet_Projects\Grupo_Nectar_Application_Solution\Grupo_Nectar_Application\quickstart\src\app\Others\Employee\EmployeesListComponent.js.map
D:\Bitcoin_Wallet\Various_AspNet_Projects\Grupo_Nectar_Application_Solution\Grupo_Nectar_Application\quickstart\src\app\app.component.js
D:\Bitcoin_Wallet\Various_AspNet_Projects\Grupo_Nectar_Application_Solution\Grupo_Nectar_Application\quickstart\src\app\app.component.js.map
D:\Bitcoin_Wallet\Various_AspNet_Projects\Grupo_Nectar_Application_Solution\Grupo_Nectar_Application\quickstart\src\app\Employee\IEmployee.js
D:\Bitcoin_Wallet\Various_AspNet_Projects\Grupo_Nectar_Application_Solution\Grupo_Nectar_Application\quickstart\src\app\Employee\IEmployee.js.map
D:\Bitcoin_Wallet\Various_AspNet_Projects\Grupo_Nectar_Application_Solution\Grupo_Nectar_Application\quickstart\src\app\Employee\EmployeeServiceComponent.js
D:\Bitcoin_Wallet\Various_AspNet_Projects\Grupo_Nectar_Application_Solution\Grupo_Nectar_Application\quickstart\src\app\Employee\EmployeeServiceComponent.js.map
D:\Bitcoin_Wallet\Various_AspNet_Projects\Grupo_Nectar_Application_Solution\Grupo_Nectar_Application\quickstart\src\app\Employee\EmployeesListComponent.js
D:\Bitcoin_Wallet\Various_AspNet_Projects\Grupo_Nectar_Application_Solution\Grupo_Nectar_Application\quickstart\src\app\Employee\EmployeesListComponent.js.map
D:\Bitcoin_Wallet\Various_AspNet_Projects\Grupo_Nectar_Application_Solution\Grupo_Nectar_Application\quickstart\src\app\Employee\EmployeeCountComponent.js
D:\Bitcoin_Wallet\Various_AspNet_Projects\Grupo_Nectar_Application_Solution\Grupo_Nectar_Application\quickstart\src\app\Employee\EmployeeCountComponent.js.map
D:\Bitcoin_Wallet\Various_AspNet_Projects\Grupo_Nectar_Application_Solution\Grupo_Nectar_Application\quickstart\src\app\Others\SimpleComponent.js
D:\Bitcoin_Wallet\Various_AspNet_Projects\Grupo_Nectar_Application_Solution\Grupo_Nectar_Application\quickstart\src\app\Others\SimpleComponent.js.map
D:\Bitcoin_Wallet\Various_AspNet_Projects\Grupo_Nectar_Application_Solution\Grupo_Nectar_Application\quickstart\src\app\app.module.js
D:\Bitcoin_Wallet\Various_AspNet_Projects\Grupo_Nectar_Application_Solution\Grupo_Nectar_Application\quickstart\src\app\app.module.js.map
D:\Bitcoin_Wallet\Various_AspNet_Projects\Grupo_Nectar_Application_Solution\Grupo_Nectar_Application\quickstart\src\main.js
D:\Bitcoin_Wallet\Various_AspNet_Projects\Grupo_Nectar_Application_Solution\Grupo_Nectar_Application\quickstart\src\main.js.map
D:\Bitcoin_Wallet\Various_AspNet_Projects\Grupo_Nectar_Application_Solution\Grupo_Nectar_Application\quickstart\src\app\app.component.spec.js
D:\Bitcoin_Wallet\Various_AspNet_Projects\Grupo_Nectar_Application_Solution\Grupo_Nectar_Application\quickstart\src\app\app.component.spec.js.map
D:\Bitcoin_Wallet\Various_AspNet_Projects\Grupo_Nectar_Application_Solution\Grupo_Nectar_Application\quickstart\src\app\Others\Employee\EmployeeComponent.js
D:\Bitcoin_Wallet\Various_AspNet_Projects\Grupo_Nectar_Application_Solution\Grupo_Nectar_Application\quickstart\src\app\Others\Employee\EmployeeComponent.js.map
D:\Bitcoin_Wallet\Various_AspNet_Projects\Grupo_Nectar_Application_Solution\Grupo_Nectar_Application\quickstart\src\app\Others\Employee\EmployeeCountComponent.js
D:\Bitcoin_Wallet\Various_AspNet_Projects\Grupo_Nectar_Application_Solution\Grupo_Nectar_Application\quickstart\src\app\Others\Employee\EmployeeCountComponent.js.map
D:\Bitcoin_Wallet\Various_AspNet_Projects\Grupo_Nectar_Application_Solution\Grupo_Nectar_Application\quickstart\src\app\Others\Employee\IEmployee.js
D:\Bitcoin_Wallet\Various_AspNet_Projects\Grupo_Nectar_Application_Solution\Grupo_Nectar_Application\quickstart\src\app\Others\Employee\IEmployee.js.map
D:\Bitcoin_Wallet\Various_AspNet_Projects\Grupo_Nectar_Application_Solution\Grupo_Nectar_Application\quickstart\src\app\Others\Employee\EmployeeServiceComponent.js
D:\Bitcoin_Wallet\Various_AspNet_Projects\Grupo_Nectar_Application_Solution\Grupo_Nectar_Application\quickstart\src\app\Others\Employee\EmployeeServiceComponent.js.map
D:\Bitcoin_Wallet\Various_AspNet_Projects\Grupo_Nectar_Application_Solution\Grupo_Nectar_Application\quickstart\src\app\Others\Employee\EmployeesListComponent.js
D:\Bitcoin_Wallet\Various_AspNet_Projects\Grupo_Nectar_Application_Solution\Grupo_Nectar_Application\quickstart\src\app\Others\Employee\EmployeesListComponent.js.map
D:\Bitcoin_Wallet\Various_AspNet_Projects\Grupo_Nectar_Application_Solution\Grupo_Nectar_Application\quickstart\src\app\app.component.js
D:\Bitcoin_Wallet\Various_AspNet_Projects\Grupo_Nectar_Application_Solution\Grupo_Nectar_Application\quickstart\src\app\app.component.js.map
D:\Bitcoin_Wallet\Various_AspNet_Projects\Grupo_Nectar_Application_Solution\Grupo_Nectar_Application\quickstart\src\app\Employee\IEmployee.js
D:\Bitcoin_Wallet\Various_AspNet_Projects\Grupo_Nectar_Application_Solution\Grupo_Nectar_Application\quickstart\src\app\Employee\IEmployee.js.map
D:\Bitcoin_Wallet\Various_AspNet_Projects\Grupo_Nectar_Application_Solution\Grupo_Nectar_Application\quickstart\src\app\Employee\EmployeeServiceComponent.js
D:\Bitcoin_Wallet\Various_AspNet_Projects\Grupo_Nectar_Application_Solution\Grupo_Nectar_Application\quickstart\src\app\Employee\EmployeeServiceComponent.js.map
D:\Bitcoin_Wallet\Various_AspNet_Projects\Grupo_Nectar_Application_Solution\Grupo_Nectar_Application\quickstart\src\app\Employee\EmployeesListComponent.js
D:\Bitcoin_Wallet\Various_AspNet_Projects\Grupo_Nectar_Application_Solution\Grupo_Nectar_Application\quickstart\src\app\Employee\EmployeesListComponent.js.map
D:\Bitcoin_Wallet\Various_AspNet_Projects\Grupo_Nectar_Application_Solution\Grupo_Nectar_Application\quickstart\src\app\Employee\EmployeeCountComponent.js
D:\Bitcoin_Wallet\Various_AspNet_Projects\Grupo_Nectar_Application_Solution\Grupo_Nectar_Application\quickstart\src\app\Employee\EmployeeCountComponent.js.map
D:\Bitcoin_Wallet\Various_AspNet_Projects\Grupo_Nectar_Application_Solution\Grupo_Nectar_Application\quickstart\src\app\Others\SimpleComponent.js
D:\Bitcoin_Wallet\Various_AspNet_Projects\Grupo_Nectar_Application_Solution\Grupo_Nectar_Application\quickstart\src\app\Others\SimpleComponent.js.map
D:\Bitcoin_Wallet\Various_AspNet_Projects\Grupo_Nectar_Application_Solution\Grupo_Nectar_Application\quickstart\src\app\app.module.js
D:\Bitcoin_Wallet\Various_AspNet_Projects\Grupo_Nectar_Application_Solution\Grupo_Nectar_Application\quickstart\src\app\app.module.js.map
D:\Bitcoin_Wallet\Various_AspNet_Projects\Grupo_Nectar_Application_Solution\Grupo_Nectar_Application\quickstart\src\main.js
D:\Bitcoin_Wallet\Various_AspNet_Projects\Grupo_Nectar_Application_Solution\Grupo_Nectar_Application\quickstart\src\main.js.map
D:\Bitcoin_Wallet\Various_AspNet_Projects\Grupo_Nectar_Application_Solution\Grupo_Nectar_Application\quickstart\src\app\app.component.spec.js
D:\Bitcoin_Wallet\Various_AspNet_Projects\Grupo_Nectar_Application_Solution\Grupo_Nectar_Application\quickstart\src\app\app.component.spec.js.map
D:\Bitcoin_Wallet\Various_AspNet_Projects\Grupo_Nectar_Application_Solution\Grupo_Nectar_Application\quickstart\src\app\Others\Employee\EmployeeComponent.js
D:\Bitcoin_Wallet\Various_AspNet_Projects\Grupo_Nectar_Application_Solution\Grupo_Nectar_Application\quickstart\src\app\Others\Employee\EmployeeComponent.js.map
D:\Bitcoin_Wallet\Various_AspNet_Projects\Grupo_Nectar_Application_Solution\Grupo_Nectar_Application\quickstart\src\app\Others\Employee\EmployeeCountComponent.js
D:\Bitcoin_Wallet\Various_AspNet_Projects\Grupo_Nectar_Application_Solution\Grupo_Nectar_Application\quickstart\src\app\Others\Employee\EmployeeCountComponent.js.map
D:\Bitcoin_Wallet\Various_AspNet_Projects\Grupo_Nectar_Application_Solution\Grupo_Nectar_Application\quickstart\src\app\Others\Employee\IEmployee.js
D:\Bitcoin_Wallet\Various_AspNet_Projects\Grupo_Nectar_Application_Solution\Grupo_Nectar_Application\quickstart\src\app\Others\Employee\IEmployee.js.map
D:\Bitcoin_Wallet\Various_AspNet_Projects\Grupo_Nectar_Application_Solution\Grupo_Nectar_Application\quickstart\src\app\Others\Employee\EmployeeServiceComponent.js
D:\Bitcoin_Wallet\Various_AspNet_Projects\Grupo_Nectar_Application_Solution\Grupo_Nectar_Application\quickstart\src\app\Others\Employee\EmployeeServiceComponent.js.map
D:\Bitcoin_Wallet\Various_AspNet_Projects\Grupo_Nectar_Application_Solution\Grupo_Nectar_Application\quickstart\src\app\Others\Employee\EmployeesListComponent.js
D:\Bitcoin_Wallet\Various_AspNet_Projects\Grupo_Nectar_Application_Solution\Grupo_Nectar_Application\quickstart\src\app\Others\Employee\EmployeesListComponent.js.map
