D:\Bitcoin_Wallet\Various_AspNet_Projects\La_Nobel_Projecto_Solution\La_Nobel_Projecto\quickstart\src\app\iemployee.js
D:\Bitcoin_Wallet\Various_AspNet_Projects\La_Nobel_Projecto_Solution\La_Nobel_Projecto\quickstart\src\app\iemployee.js.map
D:\Bitcoin_Wallet\Various_AspNet_Projects\La_Nobel_Projecto_Solution\La_Nobel_Projecto\quickstart\src\app\EmployeeService.component.js
D:\Bitcoin_Wallet\Various_AspNet_Projects\La_Nobel_Projecto_Solution\La_Nobel_Projecto\quickstart\src\app\EmployeeService.component.js.map
D:\Bitcoin_Wallet\Various_AspNet_Projects\La_Nobel_Projecto_Solution\La_Nobel_Projecto\quickstart\src\app\EmployeeList.Component.js
D:\Bitcoin_Wallet\Various_AspNet_Projects\La_Nobel_Projecto_Solution\La_Nobel_Projecto\quickstart\src\app\EmployeeList.Component.js.map
D:\Bitcoin_Wallet\Various_AspNet_Projects\La_Nobel_Projecto_Solution\La_Nobel_Projecto\quickstart\src\app\app.component.js
D:\Bitcoin_Wallet\Various_AspNet_Projects\La_Nobel_Projecto_Solution\La_Nobel_Projecto\quickstart\src\app\app.component.js.map
D:\Bitcoin_Wallet\Various_AspNet_Projects\La_Nobel_Projecto_Solution\La_Nobel_Projecto\quickstart\src\app\EmployeeCount.Component.js
D:\Bitcoin_Wallet\Various_AspNet_Projects\La_Nobel_Projecto_Solution\La_Nobel_Projecto\quickstart\src\app\EmployeeCount.Component.js.map
D:\Bitcoin_Wallet\Various_AspNet_Projects\La_Nobel_Projecto_Solution\La_Nobel_Projecto\quickstart\src\app\app.module.js
D:\Bitcoin_Wallet\Various_AspNet_Projects\La_Nobel_Projecto_Solution\La_Nobel_Projecto\quickstart\src\app\app.module.js.map
D:\Bitcoin_Wallet\Various_AspNet_Projects\La_Nobel_Projecto_Solution\La_Nobel_Projecto\quickstart\src\main.js
D:\Bitcoin_Wallet\Various_AspNet_Projects\La_Nobel_Projecto_Solution\La_Nobel_Projecto\quickstart\src\main.js.map
D:\Bitcoin_Wallet\Various_AspNet_Projects\La_Nobel_Projecto_Solution\La_Nobel_Projecto\quickstart\src\app\app.component.spec.js
D:\Bitcoin_Wallet\Various_AspNet_Projects\La_Nobel_Projecto_Solution\La_Nobel_Projecto\quickstart\src\app\app.component.spec.js.map
D:\Bitcoin_Wallet\Various_AspNet_Projects\La_Nobel_Projecto_Solution\La_Nobel_Projecto\quickstart\src\app\iemployee.js
D:\Bitcoin_Wallet\Various_AspNet_Projects\La_Nobel_Projecto_Solution\La_Nobel_Projecto\quickstart\src\app\iemployee.js.map
D:\Bitcoin_Wallet\Various_AspNet_Projects\La_Nobel_Projecto_Solution\La_Nobel_Projecto\quickstart\src\app\EmployeeService.component.js
D:\Bitcoin_Wallet\Various_AspNet_Projects\La_Nobel_Projecto_Solution\La_Nobel_Projecto\quickstart\src\app\EmployeeService.component.js.map
D:\Bitcoin_Wallet\Various_AspNet_Projects\La_Nobel_Projecto_Solution\La_Nobel_Projecto\quickstart\src\app\EmployeeCount.Component.js
D:\Bitcoin_Wallet\Various_AspNet_Projects\La_Nobel_Projecto_Solution\La_Nobel_Projecto\quickstart\src\app\EmployeeCount.Component.js.map
D:\Bitcoin_Wallet\Various_AspNet_Projects\La_Nobel_Projecto_Solution\La_Nobel_Projecto\quickstart\src\app\EmployeeList.Component.js
D:\Bitcoin_Wallet\Various_AspNet_Projects\La_Nobel_Projecto_Solution\La_Nobel_Projecto\quickstart\src\app\EmployeeList.Component.js.map
D:\Bitcoin_Wallet\Various_AspNet_Projects\La_Nobel_Projecto_Solution\La_Nobel_Projecto\quickstart\src\app\app.component.js
D:\Bitcoin_Wallet\Various_AspNet_Projects\La_Nobel_Projecto_Solution\La_Nobel_Projecto\quickstart\src\app\app.component.js.map
D:\Bitcoin_Wallet\Various_AspNet_Projects\La_Nobel_Projecto_Solution\La_Nobel_Projecto\quickstart\src\app\app.module.js
D:\Bitcoin_Wallet\Various_AspNet_Projects\La_Nobel_Projecto_Solution\La_Nobel_Projecto\quickstart\src\app\app.module.js.map
D:\Bitcoin_Wallet\Various_AspNet_Projects\La_Nobel_Projecto_Solution\La_Nobel_Projecto\quickstart\src\main.js
D:\Bitcoin_Wallet\Various_AspNet_Projects\La_Nobel_Projecto_Solution\La_Nobel_Projecto\quickstart\src\main.js.map
D:\Bitcoin_Wallet\Various_AspNet_Projects\La_Nobel_Projecto_Solution\La_Nobel_Projecto\quickstart\src\app\app.component.spec.js
D:\Bitcoin_Wallet\Various_AspNet_Projects\La_Nobel_Projecto_Solution\La_Nobel_Projecto\quickstart\src\app\app.component.spec.js.map
