D:\Bitcoin_Wallet\Various_AspNet_Projects\El_Asesino_De_La_Ilusion_Daniel_F_Solution\New_Angular_Connection\quickstart\src\app\app.component.js
D:\Bitcoin_Wallet\Various_AspNet_Projects\El_Asesino_De_La_Ilusion_Daniel_F_Solution\New_Angular_Connection\quickstart\src\app\app.component.js.map
D:\Bitcoin_Wallet\Various_AspNet_Projects\El_Asesino_De_La_Ilusion_Daniel_F_Solution\New_Angular_Connection\quickstart\src\app\Employee\IEmployee.js
D:\Bitcoin_Wallet\Various_AspNet_Projects\El_Asesino_De_La_Ilusion_Daniel_F_Solution\New_Angular_Connection\quickstart\src\app\Employee\IEmployee.js.map
D:\Bitcoin_Wallet\Various_AspNet_Projects\El_Asesino_De_La_Ilusion_Daniel_F_Solution\New_Angular_Connection\quickstart\src\app\Employee\EmployeeServiceComponent.js
D:\Bitcoin_Wallet\Various_AspNet_Projects\El_Asesino_De_La_Ilusion_Daniel_F_Solution\New_Angular_Connection\quickstart\src\app\Employee\EmployeeServiceComponent.js.map
D:\Bitcoin_Wallet\Various_AspNet_Projects\El_Asesino_De_La_Ilusion_Daniel_F_Solution\New_Angular_Connection\quickstart\src\app\Employee\EmployeesListComponent.js
D:\Bitcoin_Wallet\Various_AspNet_Projects\El_Asesino_De_La_Ilusion_Daniel_F_Solution\New_Angular_Connection\quickstart\src\app\Employee\EmployeesListComponent.js.map
D:\Bitcoin_Wallet\Various_AspNet_Projects\El_Asesino_De_La_Ilusion_Daniel_F_Solution\New_Angular_Connection\quickstart\src\app\Employee\EmployeeCountComponent.js
D:\Bitcoin_Wallet\Various_AspNet_Projects\El_Asesino_De_La_Ilusion_Daniel_F_Solution\New_Angular_Connection\quickstart\src\app\Employee\EmployeeCountComponent.js.map
D:\Bitcoin_Wallet\Various_AspNet_Projects\El_Asesino_De_La_Ilusion_Daniel_F_Solution\New_Angular_Connection\quickstart\src\app\Others\SimpleComponent.js
D:\Bitcoin_Wallet\Various_AspNet_Projects\El_Asesino_De_La_Ilusion_Daniel_F_Solution\New_Angular_Connection\quickstart\src\app\Others\SimpleComponent.js.map
D:\Bitcoin_Wallet\Various_AspNet_Projects\El_Asesino_De_La_Ilusion_Daniel_F_Solution\New_Angular_Connection\quickstart\src\app\Home\HomeComponent.js
D:\Bitcoin_Wallet\Various_AspNet_Projects\El_Asesino_De_La_Ilusion_Daniel_F_Solution\New_Angular_Connection\quickstart\src\app\Home\HomeComponent.js.map
D:\Bitcoin_Wallet\Various_AspNet_Projects\El_Asesino_De_La_Ilusion_Daniel_F_Solution\New_Angular_Connection\quickstart\src\app\others\PageNotFoundComponent.js
D:\Bitcoin_Wallet\Various_AspNet_Projects\El_Asesino_De_La_Ilusion_Daniel_F_Solution\New_Angular_Connection\quickstart\src\app\others\PageNotFoundComponent.js.map
D:\Bitcoin_Wallet\Various_AspNet_Projects\El_Asesino_De_La_Ilusion_Daniel_F_Solution\New_Angular_Connection\quickstart\src\app\employee\EmployeeComponent.js
D:\Bitcoin_Wallet\Various_AspNet_Projects\El_Asesino_De_La_Ilusion_Daniel_F_Solution\New_Angular_Connection\quickstart\src\app\employee\EmployeeComponent.js.map
D:\Bitcoin_Wallet\Various_AspNet_Projects\El_Asesino_De_La_Ilusion_Daniel_F_Solution\New_Angular_Connection\quickstart\src\app\app.module.js
D:\Bitcoin_Wallet\Various_AspNet_Projects\El_Asesino_De_La_Ilusion_Daniel_F_Solution\New_Angular_Connection\quickstart\src\app\app.module.js.map
D:\Bitcoin_Wallet\Various_AspNet_Projects\El_Asesino_De_La_Ilusion_Daniel_F_Solution\New_Angular_Connection\quickstart\src\main.js
D:\Bitcoin_Wallet\Various_AspNet_Projects\El_Asesino_De_La_Ilusion_Daniel_F_Solution\New_Angular_Connection\quickstart\src\main.js.map
D:\Bitcoin_Wallet\Various_AspNet_Projects\El_Asesino_De_La_Ilusion_Daniel_F_Solution\New_Angular_Connection\quickstart\src\app\app.component.spec.js
D:\Bitcoin_Wallet\Various_AspNet_Projects\El_Asesino_De_La_Ilusion_Daniel_F_Solution\New_Angular_Connection\quickstart\src\app\app.component.spec.js.map
D:\Bitcoin_Wallet\Various_AspNet_Projects\El_Asesino_De_La_Ilusion_Daniel_F_Solution\New_Angular_Connection\quickstart\src\app\app.component.js
D:\Bitcoin_Wallet\Various_AspNet_Projects\El_Asesino_De_La_Ilusion_Daniel_F_Solution\New_Angular_Connection\quickstart\src\app\app.component.js.map
D:\Bitcoin_Wallet\Various_AspNet_Projects\El_Asesino_De_La_Ilusion_Daniel_F_Solution\New_Angular_Connection\quickstart\src\app\Employee\IEmployee.js
D:\Bitcoin_Wallet\Various_AspNet_Projects\El_Asesino_De_La_Ilusion_Daniel_F_Solution\New_Angular_Connection\quickstart\src\app\Employee\IEmployee.js.map
D:\Bitcoin_Wallet\Various_AspNet_Projects\El_Asesino_De_La_Ilusion_Daniel_F_Solution\New_Angular_Connection\quickstart\src\app\Employee\EmployeeServiceComponent.js
D:\Bitcoin_Wallet\Various_AspNet_Projects\El_Asesino_De_La_Ilusion_Daniel_F_Solution\New_Angular_Connection\quickstart\src\app\Employee\EmployeeServiceComponent.js.map
D:\Bitcoin_Wallet\Various_AspNet_Projects\El_Asesino_De_La_Ilusion_Daniel_F_Solution\New_Angular_Connection\quickstart\src\app\Employee\EmployeesListComponent.js
D:\Bitcoin_Wallet\Various_AspNet_Projects\El_Asesino_De_La_Ilusion_Daniel_F_Solution\New_Angular_Connection\quickstart\src\app\Employee\EmployeesListComponent.js.map
D:\Bitcoin_Wallet\Various_AspNet_Projects\El_Asesino_De_La_Ilusion_Daniel_F_Solution\New_Angular_Connection\quickstart\src\app\Employee\EmployeeCountComponent.js
D:\Bitcoin_Wallet\Various_AspNet_Projects\El_Asesino_De_La_Ilusion_Daniel_F_Solution\New_Angular_Connection\quickstart\src\app\Employee\EmployeeCountComponent.js.map
D:\Bitcoin_Wallet\Various_AspNet_Projects\El_Asesino_De_La_Ilusion_Daniel_F_Solution\New_Angular_Connection\quickstart\src\app\Others\SimpleComponent.js
D:\Bitcoin_Wallet\Various_AspNet_Projects\El_Asesino_De_La_Ilusion_Daniel_F_Solution\New_Angular_Connection\quickstart\src\app\Others\SimpleComponent.js.map
D:\Bitcoin_Wallet\Various_AspNet_Projects\El_Asesino_De_La_Ilusion_Daniel_F_Solution\New_Angular_Connection\quickstart\src\app\Home\HomeComponent.js
D:\Bitcoin_Wallet\Various_AspNet_Projects\El_Asesino_De_La_Ilusion_Daniel_F_Solution\New_Angular_Connection\quickstart\src\app\Home\HomeComponent.js.map
D:\Bitcoin_Wallet\Various_AspNet_Projects\El_Asesino_De_La_Ilusion_Daniel_F_Solution\New_Angular_Connection\quickstart\src\app\others\PageNotFoundComponent.js
D:\Bitcoin_Wallet\Various_AspNet_Projects\El_Asesino_De_La_Ilusion_Daniel_F_Solution\New_Angular_Connection\quickstart\src\app\others\PageNotFoundComponent.js.map
D:\Bitcoin_Wallet\Various_AspNet_Projects\El_Asesino_De_La_Ilusion_Daniel_F_Solution\New_Angular_Connection\quickstart\src\app\employee\EmployeeComponent.js
D:\Bitcoin_Wallet\Various_AspNet_Projects\El_Asesino_De_La_Ilusion_Daniel_F_Solution\New_Angular_Connection\quickstart\src\app\employee\EmployeeComponent.js.map
D:\Bitcoin_Wallet\Various_AspNet_Projects\El_Asesino_De_La_Ilusion_Daniel_F_Solution\New_Angular_Connection\quickstart\src\app\app.module.js
D:\Bitcoin_Wallet\Various_AspNet_Projects\El_Asesino_De_La_Ilusion_Daniel_F_Solution\New_Angular_Connection\quickstart\src\app\app.module.js.map
D:\Bitcoin_Wallet\Various_AspNet_Projects\El_Asesino_De_La_Ilusion_Daniel_F_Solution\New_Angular_Connection\quickstart\src\main.js
D:\Bitcoin_Wallet\Various_AspNet_Projects\El_Asesino_De_La_Ilusion_Daniel_F_Solution\New_Angular_Connection\quickstart\src\main.js.map
D:\Bitcoin_Wallet\Various_AspNet_Projects\El_Asesino_De_La_Ilusion_Daniel_F_Solution\New_Angular_Connection\quickstart\src\app\app.component.spec.js
D:\Bitcoin_Wallet\Various_AspNet_Projects\El_Asesino_De_La_Ilusion_Daniel_F_Solution\New_Angular_Connection\quickstart\src\app\app.component.spec.js.map
D:\Bitcoin_Wallet\Various_AspNet_Projects\El_Asesino_De_La_Ilusion_Daniel_F_Solution\New_Angular_Connection\quickstart\e2e\app.e2e-spec.js
D:\Bitcoin_Wallet\Various_AspNet_Projects\El_Asesino_De_La_Ilusion_Daniel_F_Solution\New_Angular_Connection\quickstart\e2e\app.e2e-spec.js.map
D:\Bitcoin_Wallet\Various_AspNet_Projects\El_Asesino_De_La_Ilusion_Daniel_F_Solution\New_Angular_Connection\quickstart\src\app\app.component.js
D:\Bitcoin_Wallet\Various_AspNet_Projects\El_Asesino_De_La_Ilusion_Daniel_F_Solution\New_Angular_Connection\quickstart\src\app\app.component.js.map
D:\Bitcoin_Wallet\Various_AspNet_Projects\El_Asesino_De_La_Ilusion_Daniel_F_Solution\New_Angular_Connection\quickstart\src\app\Employee\IEmployee.js
D:\Bitcoin_Wallet\Various_AspNet_Projects\El_Asesino_De_La_Ilusion_Daniel_F_Solution\New_Angular_Connection\quickstart\src\app\Employee\IEmployee.js.map
D:\Bitcoin_Wallet\Various_AspNet_Projects\El_Asesino_De_La_Ilusion_Daniel_F_Solution\New_Angular_Connection\quickstart\src\app\Employee\EmployeeServiceComponent.js
D:\Bitcoin_Wallet\Various_AspNet_Projects\El_Asesino_De_La_Ilusion_Daniel_F_Solution\New_Angular_Connection\quickstart\src\app\Employee\EmployeeServiceComponent.js.map
D:\Bitcoin_Wallet\Various_AspNet_Projects\El_Asesino_De_La_Ilusion_Daniel_F_Solution\New_Angular_Connection\quickstart\src\app\Employee\EmployeesListComponent.js
D:\Bitcoin_Wallet\Various_AspNet_Projects\El_Asesino_De_La_Ilusion_Daniel_F_Solution\New_Angular_Connection\quickstart\src\app\Employee\EmployeesListComponent.js.map
D:\Bitcoin_Wallet\Various_AspNet_Projects\El_Asesino_De_La_Ilusion_Daniel_F_Solution\New_Angular_Connection\quickstart\src\app\Employee\EmployeeCountComponent.js
D:\Bitcoin_Wallet\Various_AspNet_Projects\El_Asesino_De_La_Ilusion_Daniel_F_Solution\New_Angular_Connection\quickstart\src\app\Employee\EmployeeCountComponent.js.map
D:\Bitcoin_Wallet\Various_AspNet_Projects\El_Asesino_De_La_Ilusion_Daniel_F_Solution\New_Angular_Connection\quickstart\src\app\Others\SimpleComponent.js
D:\Bitcoin_Wallet\Various_AspNet_Projects\El_Asesino_De_La_Ilusion_Daniel_F_Solution\New_Angular_Connection\quickstart\src\app\Others\SimpleComponent.js.map
D:\Bitcoin_Wallet\Various_AspNet_Projects\El_Asesino_De_La_Ilusion_Daniel_F_Solution\New_Angular_Connection\quickstart\src\app\Home\HomeComponent.js
D:\Bitcoin_Wallet\Various_AspNet_Projects\El_Asesino_De_La_Ilusion_Daniel_F_Solution\New_Angular_Connection\quickstart\src\app\Home\HomeComponent.js.map
D:\Bitcoin_Wallet\Various_AspNet_Projects\El_Asesino_De_La_Ilusion_Daniel_F_Solution\New_Angular_Connection\quickstart\src\app\others\PageNotFoundComponent.js
D:\Bitcoin_Wallet\Various_AspNet_Projects\El_Asesino_De_La_Ilusion_Daniel_F_Solution\New_Angular_Connection\quickstart\src\app\others\PageNotFoundComponent.js.map
D:\Bitcoin_Wallet\Various_AspNet_Projects\El_Asesino_De_La_Ilusion_Daniel_F_Solution\New_Angular_Connection\quickstart\src\app\employee\EmployeeComponent.js
D:\Bitcoin_Wallet\Various_AspNet_Projects\El_Asesino_De_La_Ilusion_Daniel_F_Solution\New_Angular_Connection\quickstart\src\app\employee\EmployeeComponent.js.map
D:\Bitcoin_Wallet\Various_AspNet_Projects\El_Asesino_De_La_Ilusion_Daniel_F_Solution\New_Angular_Connection\quickstart\src\app\app.module.js
D:\Bitcoin_Wallet\Various_AspNet_Projects\El_Asesino_De_La_Ilusion_Daniel_F_Solution\New_Angular_Connection\quickstart\src\app\app.module.js.map
D:\Bitcoin_Wallet\Various_AspNet_Projects\El_Asesino_De_La_Ilusion_Daniel_F_Solution\New_Angular_Connection\quickstart\src\main.js
D:\Bitcoin_Wallet\Various_AspNet_Projects\El_Asesino_De_La_Ilusion_Daniel_F_Solution\New_Angular_Connection\quickstart\src\main.js.map
D:\Bitcoin_Wallet\Various_AspNet_Projects\El_Asesino_De_La_Ilusion_Daniel_F_Solution\New_Angular_Connection\quickstart\src\app\app.component.spec.js
D:\Bitcoin_Wallet\Various_AspNet_Projects\El_Asesino_De_La_Ilusion_Daniel_F_Solution\New_Angular_Connection\quickstart\src\app\app.component.spec.js.map
