05/11/2017 11:26:17	This log contains information about the import schema operation into project 'Database1' on computer 'MANU' by user 'ManuP'.
05/11/2017 11:26:17	Import of database schema has started.
05/11/2017 11:26:19	Gathering error messages
05/11/2017 11:26:19	Gathering cryptographic providers
05/11/2017 11:26:19	Gathering credentials
05/11/2017 11:26:19	Gathering logins
05/11/2017 11:26:19	Gathering server role memberships
05/11/2017 11:26:19	Gathering linked servers
05/11/2017 11:26:19	Gathering linked server logins
05/11/2017 11:26:19	Gathering routes
05/11/2017 11:26:19	Gathering ddl triggers
05/11/2017 11:26:19	Gathering encrypted and clr ddl triggers
05/11/2017 11:26:19	Gathering event notifications
05/11/2017 11:26:19	Gathering server audits
05/11/2017 11:26:19	Gathering server audit specifications
05/11/2017 11:26:19	Gathering event notifications
05/11/2017 11:26:24	Gathering database options
05/11/2017 11:26:24	Gathering users
05/11/2017 11:26:24	Gathering roles
05/11/2017 11:26:24	Gathering application roles
05/11/2017 11:26:24	Gathering role memberships
05/11/2017 11:26:24	Gathering filegroups
05/11/2017 11:26:24	Gathering files
05/11/2017 11:26:24	Gathering full-text catalogs
05/11/2017 11:26:24	Gathering assemblies
05/11/2017 11:26:24	Gathering certificates
05/11/2017 11:26:24	Gathering asymmetric keys
05/11/2017 11:26:24	Gathering symmetric keys
05/11/2017 11:26:24	Gathering encrypted symmetric keys
05/11/2017 11:26:24	Gathering database encryption keys
05/11/2017 11:26:24	Gathering schemas
05/11/2017 11:26:24	Gathering XML schema collections
05/11/2017 11:26:24	Gathering user-defined data types
05/11/2017 11:26:24	Gathering user-defined types
05/11/2017 11:26:24	Gathering table types
05/11/2017 11:26:24	Gathering unique keys for table types
05/11/2017 11:26:24	Gathering primary keys for table types
05/11/2017 11:26:24	Gathering check constraints for table types
05/11/2017 11:26:24	Gathering default constraints for table types
05/11/2017 11:26:24	Gathering partition functions
05/11/2017 11:26:24	Gathering partition schemes
05/11/2017 11:26:24	Gathering functions
05/11/2017 11:26:24	Gathering encrypted functions
05/11/2017 11:26:24	Gathering aggregates
05/11/2017 11:26:24	Gathering procedures
05/11/2017 11:26:24	Gathering encrypted procedures
05/11/2017 11:26:24	Gathering tables
05/11/2017 11:26:24	Gathering primary keys
05/11/2017 11:26:24	Gathering unique constraints
05/11/2017 11:26:24	Gathering foreign keys
05/11/2017 11:26:24	Gathering default constraints
05/11/2017 11:26:24	Gathering check constraints
05/11/2017 11:26:24	Gathering views
05/11/2017 11:26:24	Gathering encrypted views
05/11/2017 11:26:24	Gathering indexes
05/11/2017 11:26:24	Gathering statistics
05/11/2017 11:26:24	Gathering full-text index stoplists
05/11/2017 11:26:24	Gathering full-text indexes
05/11/2017 11:26:24	Gathering spatial indexes
05/11/2017 11:26:24	Gathering XML indexes
05/11/2017 11:26:24	Gathering encrypted triggers
05/11/2017 11:26:24	Gathering triggers
05/11/2017 11:26:24	Gathering encrypted and clr ddl triggers
05/11/2017 11:26:24	Gathering ddl triggers
05/11/2017 11:26:24	Gathering synonyms
05/11/2017 11:26:24	Gathering defaults
05/11/2017 11:26:24	Gathering data constraint uddt bindings
05/11/2017 11:26:24	Gathering rules
05/11/2017 11:26:24	Gathering data constraint uddt bindings
05/11/2017 11:26:24	Gathering message types
05/11/2017 11:26:24	Gathering queues
05/11/2017 11:26:24	Gathering contracts
05/11/2017 11:26:24	Gathering services
05/11/2017 11:26:24	Gathering routes
05/11/2017 11:26:24	Gathering event notifications
05/11/2017 11:26:24	Gathering remote service bindings
05/11/2017 11:26:24	Gathering broker priorities
05/11/2017 11:26:24	Gathering database audit specifications
05/11/2017 11:26:24	Gathering signatures
05/11/2017 11:26:24	Gathering data compression options
05/11/2017 11:26:24	Gathering extended properties
05/11/2017 11:26:25	Scanning project for duplicate elements
05/11/2017 11:26:25	Finished duplicate element processing
05/11/2017 11:26:25	Finished importing database.
05/11/2017 11:26:25	A summary of the import was saved to the following location: C:\Users\0d sat\source\repos\EmployeeServiceThree\Database1\Import Schema Logs\Database1_20171105042617.log
05/11/2017 11:26:25	Click Finish to continue...
